Arguments: 
  /usr/bin/node /bin/yarn add gloabl neovim

PATH: 
  /var/lib/snapd/snap/bin:/home/ashtyn/code/depot_tools:/home/ashtyn/.deno/bin:/bin:/home/ashtyn/.cargo/bin:/home/ashtyn/.local/bin:/usr/local/bin:/usr/bin:/bin:/usr/local/sbin:/usr/lib/jvm/default/bin:/usr/bin/site_perl:/usr/bin/vendor_perl:/usr/bin/core_perl:/var/lib/snapd/snap/bin:/home/ashtyn/code/go/bin:/usr/local/go/bin:/home/ashtyn/code/go/bin

Yarn version: 
  1.22.10

Node version: 
  15.11.0

Platform: 
  linux x64

Trace: 
  Error: https://registry.yarnpkg.com/gloabl: Not found
      at Request.params.callback [as _callback] (/usr/lib/node_modules/yarn/lib/cli.js:66988:18)
      at Request.self.callback (/usr/lib/node_modules/yarn/lib/cli.js:140749:22)
      at Request.emit (node:events:378:20)
      at Request.<anonymous> (/usr/lib/node_modules/yarn/lib/cli.js:141721:10)
      at Request.emit (node:events:378:20)
      at IncomingMessage.<anonymous> (/usr/lib/node_modules/yarn/lib/cli.js:141643:12)
      at Object.onceWrapper (node:events:484:28)
      at IncomingMessage.emit (node:events:390:22)
      at endReadableNT (node:internal/streams/readable:1307:12)
      at processTicksAndRejections (node:internal/process/task_queues:81:21)

npm manifest: 
  {
      "name": "nvim-githeat",
      "version": "1.0.0",
      "description": "",
      "main": "./dist/main.js",
      "source": "./src/main.ts",
      "scripts": {
          "build": "esbuild ",
          "build:watch": "tsc --watch"
      },
      "keywords": [],
      "author": "",
      "license": "ISC",
      "dependencies": {
          "neovim": "^4.9.0"
      },
      "devDependencies": {
          "@types/node": "^14.0.13",
          "ava": "^3.8.2",
          "ts-node": "^8.10.2",
          "tslint": "^6.1.2",
          "typescript": "^3.9.5"
      }
  }

yarn manifest: 
  No manifest

Lockfile: 
  No lockfile
